<?xml version="1.0" encoding="UTF-8"?>
<testng-results skipped="0" failed="0" total="1" passed="1">
  <reporter-output>
  </reporter-output>
  <suite name="cucumberjvm.BDD.Runner.RunCukesTest" duration-ms="285" started-at="2016-03-09T06:30:20Z" finished-at="2016-03-09T06:30:20Z">
    <groups>
      <group name="cucumber">
        <method signature="AbstractTestNGCucumberTests.feature(cucumber.api.testng.CucumberFeatureWrapper)[pri:0, instance:cucumberjvm.BDD.Runner.RunCukesTest@13c78c0b]" name="feature" class="cucumber.api.testng.AbstractTestNGCucumberTests"/>
      </group> <!-- cucumber -->
    </groups>
    <test name="Command line test" duration-ms="285" started-at="2016-03-09T06:30:20Z" finished-at="2016-03-09T06:30:20Z">
      <class name="cucumberjvm.BDD.Runner.RunCukesTest">
        <test-method status="PASS" signature="setUpClass()[pri:0, instance:cucumberjvm.BDD.Runner.RunCukesTest@13c78c0b]" name="setUpClass" is-config="true" duration-ms="137" started-at="2016-03-09T12:00:20Z" finished-at="2016-03-09T12:00:20Z">
          <reporter-output>
          </reporter-output>
        </test-method> <!-- setUpClass -->
        <test-method status="PASS" signature="feature(cucumber.api.testng.CucumberFeatureWrapper)[pri:0, instance:cucumberjvm.BDD.Runner.RunCukesTest@13c78c0b]" name="feature" duration-ms="83" started-at="2016-03-09T12:00:20Z" description="Runs Cucumber Feature" data-provider="features" finished-at="2016-03-09T12:00:20Z">
          <params>
            <param index="0">
              <value>
                <![CDATA[When I go to the Google search page, and search for an item,]]>
              </value>
            </param>
          </params>
          <reporter-output>
          </reporter-output>
        </test-method> <!-- feature -->
        <test-method status="PASS" signature="tearDownClass()[pri:0, instance:cucumberjvm.BDD.Runner.RunCukesTest@13c78c0b]" name="tearDownClass" is-config="true" duration-ms="8" started-at="2016-03-09T12:00:20Z" finished-at="2016-03-09T12:00:20Z">
          <reporter-output>
          </reporter-output>
        </test-method> <!-- tearDownClass -->
      </class> <!-- cucumberjvm.BDD.Runner.RunCukesTest -->
    </test> <!-- Command line test -->
  </suite> <!-- cucumberjvm.BDD.Runner.RunCukesTest -->
</testng-results>
