<?xml version="1.0" encoding="UTF-8"?>
<testng-results skipped="0" failed="0" total="1" passed="1">
  <reporter-output>
  </reporter-output>
  <suite name="Default suite" duration-ms="2744" started-at="2016-03-09T06:12:00Z" finished-at="2016-03-09T06:12:03Z">
    <groups>
      <group name="cucumber">
        <method signature="AbstractTestNGCucumberTests.feature(cucumber.api.testng.CucumberFeatureWrapper)[pri:0, instance:cucumberjvm.BDD.Runner.RunCukesTest@6b2fad11]" name="feature" class="cucumber.api.testng.AbstractTestNGCucumberTests"/>
      </group> <!-- cucumber -->
    </groups>
    <test name="Default test" duration-ms="2744" started-at="2016-03-09T06:12:00Z" finished-at="2016-03-09T06:12:03Z">
      <class name="cucumberjvm.BDD.Defenition.Feature2">
        <test-method status="PASS" signature="openbrowser()[pri:0, instance:cucumberjvm.BDD.Defenition.Feature2@79b4d0f]" name="openbrowser" is-config="true" duration-ms="4087" started-at="2016-03-09T11:41:56Z" finished-at="2016-03-09T11:42:00Z">
          <reporter-output>
          </reporter-output>
        </test-method> <!-- openbrowser -->
        <test-method status="PASS" signature="closebrowser()[pri:0, instance:cucumberjvm.BDD.Defenition.Feature2@79b4d0f]" name="closebrowser" is-config="true" duration-ms="299" started-at="2016-03-09T11:42:03Z" finished-at="2016-03-09T11:42:04Z">
          <reporter-output>
          </reporter-output>
        </test-method> <!-- closebrowser -->
      </class> <!-- cucumberjvm.BDD.Defenition.Feature2 -->
      <class name="cucumberjvm.BDD.Runner.RunCukesTest">
        <test-method status="PASS" signature="setUpClass()[pri:0, instance:cucumberjvm.BDD.Runner.RunCukesTest@6b2fad11]" name="setUpClass" is-config="true" duration-ms="95" started-at="2016-03-09T11:42:00Z" finished-at="2016-03-09T11:42:01Z">
          <reporter-output>
          </reporter-output>
        </test-method> <!-- setUpClass -->
        <test-method status="PASS" signature="feature(cucumber.api.testng.CucumberFeatureWrapper)[pri:0, instance:cucumberjvm.BDD.Runner.RunCukesTest@6b2fad11]" name="feature" duration-ms="2595" started-at="2016-03-09T11:42:01Z" description="Runs Cucumber Feature" data-provider="features" finished-at="2016-03-09T11:42:03Z">
          <params>
            <param index="0">
              <value>
                <![CDATA[Second Feature]]>
              </value>
            </param>
          </params>
          <reporter-output>
          </reporter-output>
        </test-method> <!-- feature -->
        <test-method status="PASS" signature="tearDownClass()[pri:0, instance:cucumberjvm.BDD.Runner.RunCukesTest@6b2fad11]" name="tearDownClass" is-config="true" duration-ms="7" started-at="2016-03-09T11:42:03Z" finished-at="2016-03-09T11:42:03Z">
          <reporter-output>
          </reporter-output>
        </test-method> <!-- tearDownClass -->
      </class> <!-- cucumberjvm.BDD.Runner.RunCukesTest -->
    </test> <!-- Default test -->
  </suite> <!-- Default suite -->
</testng-results>
